
ROM used:   65/8192 (1%)
            65/8192 (1%) including unused fragments

            0.1 Average locations per line
            5.9 Average locations per statement

RAM used:   6/368 (2%) at main() level
            7/368 (2%) worst case

Stack used: 1 worst case (1 in main + 0 for interrupts)
Stack size: 8

Lines Stmts  %   Files
----- ----- ---  -----
   24    11 100  main.c
  639     0   0  ..\..\..\..\Program Files (x86)\PICC\Devices\16f877.h
----- -----
  663    11 Total

Page ROM  %  RAM   Vol Diff  Functions:
---- --- --- ---   --- ----  ----------
0     21  32    1             @delay_ms1
0     40  62    1   186  3.1  main
 Inline         0             @cinit1

Program metrics:
    Functions               1
    Statements              11
    Comments                116
    Volume (V)              190
    Difficulty (D)          2.8
    Effort to implement (E) 533
    Time to implement (T)   0 minutes
    Est Delivered Bugs (B)  0
    Cyclomatic Complexity   1
    Maintainability (MI)    63

 Segment     Used  Free
-----------  ----  ----
00000-00003     4  0  
00004-007FF    61  1983  
00800-00FFF     0  2048  
01000-017FF     0  2048  
01800-01FFF     0  2048  



